src/guards/PublicRoute.tsx(6,63): error TS2503: Cannot find namespace 'JSX'.
src/guards/RoleGuard.tsx(22,67): error TS2345: Argument of type 'string' is not assignable to parameter of type 'Role'.
src/pages/admin/AdminPortal.tsx(70,7): error TS2322: Type 'string' is not assignable to type '"ACTIVE" | "INACTIVE" | "SUSPENDED"'.
src/pages/admin/AdminPortal.tsx(96,41): error TS7006: Parameter 'r' implicitly has an 'any' type.
src/pages/admin/AdminPortal.tsx(162,51): error TS7006: Parameter 'user' implicitly has an 'any' type.
src/pages/admin/AdminPortal.tsx(168,47): error TS7006: Parameter 'r' implicitly has an 'any' type.
src/pages/admin/AdminPortal.tsx(168,50): error TS7006: Parameter 'index' implicitly has an 'any' type.
src/pages/admin/AdminPortal.tsx(218,59): error TS7006: Parameter 'val' implicitly has an 'any' type.
src/pages/admin/AdminPortal.tsx(218,64): error TS7006: Parameter 'index' implicitly has an 'any' type.
src/pages/doctor/DoctorPortal.tsx(8,20): error TS6133: 'Search' is declared but its value is never read.
src/pages/doctor/DoctorPortal.tsx(8,75): error TS6133: 'Clock' is declared but its value is never read.
src/pages/layouts/DashboardLayout.tsx(1,1): error TS6133: 'React' is declared but its value is never read.
src/pages/layouts/PortalLayout.tsx(1,1): error TS6133: 'React' is declared but its value is never read.
src/pages/patient/PatientPotral.tsx(12,1): error TS6133: 'Input' is declared but its value is never read.
src/services/mockApi.ts(32,35): error TS6133: 'password' is declared but its value is never read.
